{
  "uid" : "31d197ebc05914ae",
  "name" : "Sending random pass to password field and random name to username field",
  "fullName" : "Testing username under difference data.Sending random pass to password field and random name to username field",
  "historyId" : "2c77d0def0fd3a5d5b46333db54d906f",
  "time" : {
    "start" : 1624890030752,
    "stop" : 1624890031297,
    "duration" : 545
  },
  "description" : "",
  "descriptionHtml" : "",
  "status" : "failed",
  "statusMessage" : "Expected values to be strictly equal:\n                + actual - expected\n                \n                + 'No account found with that username.'\n                - 'No account found with that username1.'\n                                                      ^",
  "statusTrace" : "AssertionError [ERR_ASSERTION]: Expected values to be strictly equal:\n                + actual - expected\n                \n                + 'No account found with that username.'\n                - 'No account found with that username1.'\n                                                      ^\n                    at Context.<anonymous> (/Users/macbook/Study/summerBummer/Pecode/PetrenkoTestTask/tests/specs/username.field.test.js:37:16)\n                    at processTicksAndRejections (internal/process/task_queues.js:95:5)\n                    at async Context.executeAsync (/Users/macbook/Study/summerBummer/Pecode/PetrenkoTestTask/node_modules/@wdio/utils/build/shim.js:136:16)\n                    at async Context.testFrameworkFnWrapper (/Users/macbook/Study/summerBummer/Pecode/PetrenkoTestTask/node_modules/@wdio/utils/build/test-framework/testFnWrapper.js:52:18)",
  "flaky" : false,
  "newFailed" : false,
  "beforeStages" : [ ],
  "testStage" : {
    "status" : "failed",
    "statusMessage" : "Expected values to be strictly equal:\n                + actual - expected\n                \n                + 'No account found with that username.'\n                - 'No account found with that username1.'\n                                                      ^",
    "statusTrace" : "AssertionError [ERR_ASSERTION]: Expected values to be strictly equal:\n                + actual - expected\n                \n                + 'No account found with that username.'\n                - 'No account found with that username1.'\n                                                      ^\n                    at Context.<anonymous> (/Users/macbook/Study/summerBummer/Pecode/PetrenkoTestTask/tests/specs/username.field.test.js:37:16)\n                    at processTicksAndRejections (internal/process/task_queues.js:95:5)\n                    at async Context.executeAsync (/Users/macbook/Study/summerBummer/Pecode/PetrenkoTestTask/node_modules/@wdio/utils/build/shim.js:136:16)\n                    at async Context.testFrameworkFnWrapper (/Users/macbook/Study/summerBummer/Pecode/PetrenkoTestTask/node_modules/@wdio/utils/build/test-framework/testFnWrapper.js:52:18)",
    "steps" : [ {
      "name" : "POST /session/:sessionId/url",
      "time" : {
        "start" : 1624890030753,
        "stop" : 1624890030857,
        "duration" : 104
      },
      "status" : "passed",
      "steps" : [ ],
      "attachments" : [ {
        "uid" : "4f26eeda57163c0d",
        "name" : "Request",
        "source" : "4f26eeda57163c0d.json",
        "type" : "application/json",
        "size" : 87
      } ],
      "parameters" : [ ],
      "stepsCount" : 0,
      "attachmentsCount" : 1,
      "shouldDisplayMessage" : false,
      "hasContent" : true
    }, {
      "name" : "POST /session/:sessionId/element",
      "time" : {
        "start" : 1624890030857,
        "stop" : 1624890030868,
        "duration" : 11
      },
      "status" : "passed",
      "steps" : [ ],
      "attachments" : [ {
        "uid" : "6795afd78b8414c6",
        "name" : "Request",
        "source" : "6795afd78b8414c6.json",
        "type" : "application/json",
        "size" : 63
      }, {
        "uid" : "aca3fa4025a76bd4",
        "name" : "Response",
        "source" : "aca3fa4025a76bd4.json",
        "type" : "application/json",
        "size" : 83
      } ],
      "parameters" : [ ],
      "stepsCount" : 0,
      "attachmentsCount" : 2,
      "shouldDisplayMessage" : false,
      "hasContent" : true
    }, {
      "name" : "POST /session/:sessionId/element/a939a4a3-1d1b-4e1a-ac5b-a03382c42fe3/clear",
      "time" : {
        "start" : 1624890030870,
        "stop" : 1624890030905,
        "duration" : 35
      },
      "status" : "passed",
      "steps" : [ ],
      "attachments" : [ ],
      "parameters" : [ ],
      "stepsCount" : 0,
      "attachmentsCount" : 0,
      "shouldDisplayMessage" : false,
      "hasContent" : false
    }, {
      "name" : "POST /session/:sessionId/element/a939a4a3-1d1b-4e1a-ac5b-a03382c42fe3/value",
      "time" : {
        "start" : 1624890030905,
        "stop" : 1624890030986,
        "duration" : 81
      },
      "status" : "passed",
      "steps" : [ ],
      "attachments" : [ {
        "uid" : "a827b95247db9681",
        "name" : "Request",
        "source" : "a827b95247db9681.json",
        "type" : "application/json",
        "size" : 32
      } ],
      "parameters" : [ ],
      "stepsCount" : 0,
      "attachmentsCount" : 1,
      "shouldDisplayMessage" : false,
      "hasContent" : true
    }, {
      "name" : "POST /session/:sessionId/element",
      "time" : {
        "start" : 1624890030986,
        "stop" : 1624890030994,
        "duration" : 8
      },
      "status" : "passed",
      "steps" : [ ],
      "attachments" : [ {
        "uid" : "bf9340d580120522",
        "name" : "Request",
        "source" : "bf9340d580120522.json",
        "type" : "application/json",
        "size" : 63
      }, {
        "uid" : "149b71c079cecd0a",
        "name" : "Response",
        "source" : "149b71c079cecd0a.json",
        "type" : "application/json",
        "size" : 83
      } ],
      "parameters" : [ ],
      "stepsCount" : 0,
      "attachmentsCount" : 2,
      "shouldDisplayMessage" : false,
      "hasContent" : true
    }, {
      "name" : "POST /session/:sessionId/element/e642822a-ada9-4c90-a0f3-de52dd00b2ba/clear",
      "time" : {
        "start" : 1624890030999,
        "stop" : 1624890031032,
        "duration" : 33
      },
      "status" : "passed",
      "steps" : [ ],
      "attachments" : [ ],
      "parameters" : [ ],
      "stepsCount" : 0,
      "attachmentsCount" : 0,
      "shouldDisplayMessage" : false,
      "hasContent" : false
    }, {
      "name" : "POST /session/:sessionId/element/e642822a-ada9-4c90-a0f3-de52dd00b2ba/value",
      "time" : {
        "start" : 1624890031032,
        "stop" : 1624890031093,
        "duration" : 61
      },
      "status" : "passed",
      "steps" : [ ],
      "attachments" : [ {
        "uid" : "857acb37fb118b5",
        "name" : "Request",
        "source" : "857acb37fb118b5.json",
        "type" : "application/json",
        "size" : 31
      } ],
      "parameters" : [ ],
      "stepsCount" : 0,
      "attachmentsCount" : 1,
      "shouldDisplayMessage" : false,
      "hasContent" : true
    }, {
      "name" : "POST /session/:sessionId/element",
      "time" : {
        "start" : 1624890031093,
        "stop" : 1624890031100,
        "duration" : 7
      },
      "status" : "passed",
      "steps" : [ ],
      "attachments" : [ {
        "uid" : "43dc937ae81750ed",
        "name" : "Request",
        "source" : "43dc937ae81750ed.json",
        "type" : "application/json",
        "size" : 57
      }, {
        "uid" : "cfe94ef58e033e8a",
        "name" : "Response",
        "source" : "cfe94ef58e033e8a.json",
        "type" : "application/json",
        "size" : 83
      } ],
      "parameters" : [ ],
      "stepsCount" : 0,
      "attachmentsCount" : 2,
      "shouldDisplayMessage" : false,
      "hasContent" : true
    }, {
      "name" : "POST /session/:sessionId/element/6c4d2591-1eb0-4f1c-a11c-c3b71d44ea91/click",
      "time" : {
        "start" : 1624890031102,
        "stop" : 1624890031248,
        "duration" : 146
      },
      "status" : "passed",
      "steps" : [ ],
      "attachments" : [ ],
      "parameters" : [ ],
      "stepsCount" : 0,
      "attachmentsCount" : 0,
      "shouldDisplayMessage" : false,
      "hasContent" : false
    }, {
      "name" : "POST /session/:sessionId/element",
      "time" : {
        "start" : 1624890031248,
        "stop" : 1624890031266,
        "duration" : 18
      },
      "status" : "passed",
      "steps" : [ ],
      "attachments" : [ {
        "uid" : "7099838e4c2e12b2",
        "name" : "Request",
        "source" : "7099838e4c2e12b2.json",
        "type" : "application/json",
        "size" : 91
      }, {
        "uid" : "6044b8ee11db8616",
        "name" : "Response",
        "source" : "6044b8ee11db8616.json",
        "type" : "application/json",
        "size" : 83
      } ],
      "parameters" : [ ],
      "stepsCount" : 0,
      "attachmentsCount" : 2,
      "shouldDisplayMessage" : false,
      "hasContent" : true
    }, {
      "name" : "GET /session/:sessionId/element/03c16413-cf9f-468a-bc1c-90cb05eff99d/text",
      "time" : {
        "start" : 1624890031270,
        "stop" : 1624890031292,
        "duration" : 22
      },
      "status" : "passed",
      "steps" : [ ],
      "attachments" : [ {
        "uid" : "b1120114f1c2bf47",
        "name" : "Response",
        "source" : "b1120114f1c2bf47.json",
        "type" : "application/json",
        "size" : 38
      } ],
      "parameters" : [ ],
      "stepsCount" : 0,
      "attachmentsCount" : 1,
      "shouldDisplayMessage" : false,
      "hasContent" : true
    }, {
      "name" : "GET /session/:sessionId/screenshot",
      "time" : {
        "start" : 1624890031296,
        "stop" : 1624890031297,
        "duration" : 1
      },
      "status" : "failed",
      "statusMessage" : "AssertionError [ERR_ASSERTION]: Expected values to be strictly equal:\n                + actual - expected\n                \n                + 'No account found with that username.'\n                - 'No account found with that username1.'\n                                                      ^\n                    at Context.<anonymous> (/Users/macbook/Study/summerBummer/Pecode/PetrenkoTestTask/tests/specs/username.field.test.js:37:16)\n                    at processTicksAndRejections (internal/process/task_queues.js:95:5)\n                    at async Context.executeAsync (/Users/macbook/Study/summerBummer/Pecode/PetrenkoTestTask/node_modules/@wdio/utils/build/shim.js:136:16)\n                    at async Context.testFrameworkFnWrapper (/Users/macbook/Study/summerBummer/Pecode/PetrenkoTestTask/node_modules/@wdio/utils/build/test-framework/testFnWrapper.js:52:18)",
      "steps" : [ ],
      "attachments" : [ ],
      "parameters" : [ ],
      "stepsCount" : 0,
      "attachmentsCount" : 0,
      "shouldDisplayMessage" : true,
      "hasContent" : true
    } ],
    "attachments" : [ ],
    "parameters" : [ ],
    "stepsCount" : 12,
    "attachmentsCount" : 12,
    "shouldDisplayMessage" : true,
    "hasContent" : true
  },
  "afterStages" : [ ],
  "labels" : [ {
    "name" : "framework",
    "value" : "wdio"
  }, {
    "name" : "language",
    "value" : "javascript"
  }, {
    "name" : "thread",
    "value" : "0-0"
  }, {
    "name" : "suite",
    "value" : "Testing username under difference data"
  }, {
    "name" : "testClass",
    "value" : "Testing username under difference data"
  }, {
    "name" : "testMethod",
    "value" : "Sending random pass to password field and random name to username field"
  }, {
    "name" : "package",
    "value" : "Testing username under difference data"
  }, {
    "name" : "resultFormat",
    "value" : "allure1"
  } ],
  "parameters" : [ {
    "name" : "browser",
    "value" : "chrome-91.0.4472.114"
  } ],
  "links" : [ ],
  "hidden" : true,
  "retry" : true,
  "extra" : {
    "categories" : [ ],
    "tags" : [ ]
  },
  "source" : "31d197ebc05914ae.json",
  "parameterValues" : [ "chrome-91.0.4472.114" ]
}