{
  "uid" : "e9d17cf41b455432",
  "name" : "Sending random pass to password field and random name to username field",
  "fullName" : "Testing username under difference data.Sending random pass to password field and random name to username field",
  "historyId" : "2c77d0def0fd3a5d5b46333db54d906f",
  "time" : {
    "start" : 1624890455859,
    "stop" : 1624890456367,
    "duration" : 508
  },
  "description" : "",
  "descriptionHtml" : "",
  "status" : "failed",
  "statusMessage" : "Expected values to be strictly equal:\n                + actual - expected\n                \n                + 'No account found with that username.'\n                - 'No account found with that username1.'\n                                                      ^",
  "statusTrace" : "AssertionError [ERR_ASSERTION]: Expected values to be strictly equal:\n                + actual - expected\n                \n                + 'No account found with that username.'\n                - 'No account found with that username1.'\n                                                      ^\n                    at Context.<anonymous> (/Users/macbook/Study/summerBummer/Pecode/PetrenkoTestTask/tests/specs/username.field.test.js:37:16)\n                    at processTicksAndRejections (internal/process/task_queues.js:95:5)\n                    at async Context.executeAsync (/Users/macbook/Study/summerBummer/Pecode/PetrenkoTestTask/node_modules/@wdio/utils/build/shim.js:136:16)\n                    at async Context.testFrameworkFnWrapper (/Users/macbook/Study/summerBummer/Pecode/PetrenkoTestTask/node_modules/@wdio/utils/build/test-framework/testFnWrapper.js:52:18)",
  "flaky" : false,
  "newFailed" : false,
  "beforeStages" : [ ],
  "testStage" : {
    "status" : "failed",
    "statusMessage" : "Expected values to be strictly equal:\n                + actual - expected\n                \n                + 'No account found with that username.'\n                - 'No account found with that username1.'\n                                                      ^",
    "statusTrace" : "AssertionError [ERR_ASSERTION]: Expected values to be strictly equal:\n                + actual - expected\n                \n                + 'No account found with that username.'\n                - 'No account found with that username1.'\n                                                      ^\n                    at Context.<anonymous> (/Users/macbook/Study/summerBummer/Pecode/PetrenkoTestTask/tests/specs/username.field.test.js:37:16)\n                    at processTicksAndRejections (internal/process/task_queues.js:95:5)\n                    at async Context.executeAsync (/Users/macbook/Study/summerBummer/Pecode/PetrenkoTestTask/node_modules/@wdio/utils/build/shim.js:136:16)\n                    at async Context.testFrameworkFnWrapper (/Users/macbook/Study/summerBummer/Pecode/PetrenkoTestTask/node_modules/@wdio/utils/build/test-framework/testFnWrapper.js:52:18)",
    "steps" : [ {
      "name" : "POST /session/:sessionId/url",
      "time" : {
        "start" : 1624890455859,
        "stop" : 1624890455947,
        "duration" : 88
      },
      "status" : "passed",
      "steps" : [ ],
      "attachments" : [ {
        "uid" : "ae87f98744495d10",
        "name" : "Request",
        "source" : "ae87f98744495d10.json",
        "type" : "application/json",
        "size" : 87
      } ],
      "parameters" : [ ],
      "stepsCount" : 0,
      "attachmentsCount" : 1,
      "shouldDisplayMessage" : false,
      "hasContent" : true
    }, {
      "name" : "POST /session/:sessionId/element",
      "time" : {
        "start" : 1624890455947,
        "stop" : 1624890455961,
        "duration" : 14
      },
      "status" : "passed",
      "steps" : [ ],
      "attachments" : [ {
        "uid" : "4ae7470c7d1f9f55",
        "name" : "Request",
        "source" : "4ae7470c7d1f9f55.json",
        "type" : "application/json",
        "size" : 63
      }, {
        "uid" : "403d5978a8438330",
        "name" : "Response",
        "source" : "403d5978a8438330.json",
        "type" : "application/json",
        "size" : 83
      } ],
      "parameters" : [ ],
      "stepsCount" : 0,
      "attachmentsCount" : 2,
      "shouldDisplayMessage" : false,
      "hasContent" : true
    }, {
      "name" : "POST /session/:sessionId/element/855bb66c-1f4c-4eb4-8ac6-ad28a220db30/clear",
      "time" : {
        "start" : 1624890455965,
        "stop" : 1624890456007,
        "duration" : 42
      },
      "status" : "passed",
      "steps" : [ ],
      "attachments" : [ ],
      "parameters" : [ ],
      "stepsCount" : 0,
      "attachmentsCount" : 0,
      "shouldDisplayMessage" : false,
      "hasContent" : false
    }, {
      "name" : "POST /session/:sessionId/element/855bb66c-1f4c-4eb4-8ac6-ad28a220db30/value",
      "time" : {
        "start" : 1624890456007,
        "stop" : 1624890456066,
        "duration" : 59
      },
      "status" : "passed",
      "steps" : [ ],
      "attachments" : [ {
        "uid" : "e46a3b8b0af01c7a",
        "name" : "Request",
        "source" : "e46a3b8b0af01c7a.json",
        "type" : "application/json",
        "size" : 30
      } ],
      "parameters" : [ ],
      "stepsCount" : 0,
      "attachmentsCount" : 1,
      "shouldDisplayMessage" : false,
      "hasContent" : true
    }, {
      "name" : "POST /session/:sessionId/element",
      "time" : {
        "start" : 1624890456066,
        "stop" : 1624890456075,
        "duration" : 9
      },
      "status" : "passed",
      "steps" : [ ],
      "attachments" : [ {
        "uid" : "6d157a4da30bf847",
        "name" : "Request",
        "source" : "6d157a4da30bf847.json",
        "type" : "application/json",
        "size" : 63
      }, {
        "uid" : "b5a77a10adb22da7",
        "name" : "Response",
        "source" : "b5a77a10adb22da7.json",
        "type" : "application/json",
        "size" : 83
      } ],
      "parameters" : [ ],
      "stepsCount" : 0,
      "attachmentsCount" : 2,
      "shouldDisplayMessage" : false,
      "hasContent" : true
    }, {
      "name" : "POST /session/:sessionId/element/50983a93-c716-4bd7-bb29-f9bbba656025/clear",
      "time" : {
        "start" : 1624890456080,
        "stop" : 1624890456116,
        "duration" : 36
      },
      "status" : "passed",
      "steps" : [ ],
      "attachments" : [ ],
      "parameters" : [ ],
      "stepsCount" : 0,
      "attachmentsCount" : 0,
      "shouldDisplayMessage" : false,
      "hasContent" : false
    }, {
      "name" : "POST /session/:sessionId/element/50983a93-c716-4bd7-bb29-f9bbba656025/value",
      "time" : {
        "start" : 1624890456116,
        "stop" : 1624890456192,
        "duration" : 76
      },
      "status" : "passed",
      "steps" : [ ],
      "attachments" : [ {
        "uid" : "ea924a13b7729b95",
        "name" : "Request",
        "source" : "ea924a13b7729b95.json",
        "type" : "application/json",
        "size" : 31
      } ],
      "parameters" : [ ],
      "stepsCount" : 0,
      "attachmentsCount" : 1,
      "shouldDisplayMessage" : false,
      "hasContent" : true
    }, {
      "name" : "POST /session/:sessionId/element",
      "time" : {
        "start" : 1624890456192,
        "stop" : 1624890456201,
        "duration" : 9
      },
      "status" : "passed",
      "steps" : [ ],
      "attachments" : [ {
        "uid" : "824f736d0f969540",
        "name" : "Request",
        "source" : "824f736d0f969540.json",
        "type" : "application/json",
        "size" : 57
      }, {
        "uid" : "c351d721bc46bed5",
        "name" : "Response",
        "source" : "c351d721bc46bed5.json",
        "type" : "application/json",
        "size" : 83
      } ],
      "parameters" : [ ],
      "stepsCount" : 0,
      "attachmentsCount" : 2,
      "shouldDisplayMessage" : false,
      "hasContent" : true
    }, {
      "name" : "POST /session/:sessionId/element/b84eb93c-d60d-496c-abd8-f7266f2a3411/click",
      "time" : {
        "start" : 1624890456205,
        "stop" : 1624890456329,
        "duration" : 124
      },
      "status" : "passed",
      "steps" : [ ],
      "attachments" : [ ],
      "parameters" : [ ],
      "stepsCount" : 0,
      "attachmentsCount" : 0,
      "shouldDisplayMessage" : false,
      "hasContent" : false
    }, {
      "name" : "POST /session/:sessionId/element",
      "time" : {
        "start" : 1624890456329,
        "stop" : 1624890456341,
        "duration" : 12
      },
      "status" : "passed",
      "steps" : [ ],
      "attachments" : [ {
        "uid" : "b5ac53604fe39041",
        "name" : "Request",
        "source" : "b5ac53604fe39041.json",
        "type" : "application/json",
        "size" : 91
      }, {
        "uid" : "3f6b5f9f22411478",
        "name" : "Response",
        "source" : "3f6b5f9f22411478.json",
        "type" : "application/json",
        "size" : 83
      } ],
      "parameters" : [ ],
      "stepsCount" : 0,
      "attachmentsCount" : 2,
      "shouldDisplayMessage" : false,
      "hasContent" : true
    }, {
      "name" : "GET /session/:sessionId/element/0415a250-16ae-46c2-80bc-8404494ee0ef/text",
      "time" : {
        "start" : 1624890456343,
        "stop" : 1624890456360,
        "duration" : 17
      },
      "status" : "passed",
      "steps" : [ ],
      "attachments" : [ {
        "uid" : "135659d2f07d89ff",
        "name" : "Response",
        "source" : "135659d2f07d89ff.json",
        "type" : "application/json",
        "size" : 38
      } ],
      "parameters" : [ ],
      "stepsCount" : 0,
      "attachmentsCount" : 1,
      "shouldDisplayMessage" : false,
      "hasContent" : true
    }, {
      "name" : "GET /session/:sessionId/screenshot",
      "time" : {
        "start" : 1624890456365,
        "stop" : 1624890456367,
        "duration" : 2
      },
      "status" : "failed",
      "statusMessage" : "AssertionError [ERR_ASSERTION]: Expected values to be strictly equal:\n                + actual - expected\n                \n                + 'No account found with that username.'\n                - 'No account found with that username1.'\n                                                      ^\n                    at Context.<anonymous> (/Users/macbook/Study/summerBummer/Pecode/PetrenkoTestTask/tests/specs/username.field.test.js:37:16)\n                    at processTicksAndRejections (internal/process/task_queues.js:95:5)\n                    at async Context.executeAsync (/Users/macbook/Study/summerBummer/Pecode/PetrenkoTestTask/node_modules/@wdio/utils/build/shim.js:136:16)\n                    at async Context.testFrameworkFnWrapper (/Users/macbook/Study/summerBummer/Pecode/PetrenkoTestTask/node_modules/@wdio/utils/build/test-framework/testFnWrapper.js:52:18)",
      "steps" : [ ],
      "attachments" : [ ],
      "parameters" : [ ],
      "stepsCount" : 0,
      "attachmentsCount" : 0,
      "shouldDisplayMessage" : true,
      "hasContent" : true
    } ],
    "attachments" : [ ],
    "parameters" : [ ],
    "stepsCount" : 12,
    "attachmentsCount" : 12,
    "shouldDisplayMessage" : true,
    "hasContent" : true
  },
  "afterStages" : [ ],
  "labels" : [ {
    "name" : "framework",
    "value" : "wdio"
  }, {
    "name" : "language",
    "value" : "javascript"
  }, {
    "name" : "thread",
    "value" : "0-0"
  }, {
    "name" : "suite",
    "value" : "Testing username under difference data"
  }, {
    "name" : "testClass",
    "value" : "Testing username under difference data"
  }, {
    "name" : "testMethod",
    "value" : "Sending random pass to password field and random name to username field"
  }, {
    "name" : "package",
    "value" : "Testing username under difference data"
  }, {
    "name" : "resultFormat",
    "value" : "allure1"
  } ],
  "parameters" : [ {
    "name" : "browser",
    "value" : "chrome-91.0.4472.114"
  } ],
  "links" : [ ],
  "hidden" : true,
  "retry" : true,
  "extra" : {
    "categories" : [ ],
    "tags" : [ ]
  },
  "source" : "e9d17cf41b455432.json",
  "parameterValues" : [ "chrome-91.0.4472.114" ]
}